# JRE version: OpenJDK Runtime Environment (11.0.4+10) (build 11.0.4+10-b520.11)
# Java VM: OpenJDK 64-Bit Server VM (11.0.4+10-b520.11, mixed mode, tiered, compressed oops, g1 gc, windows-amd64)
Heap:
 garbage-first heap   total 152576K, used 13422K [0x0000000085800000, 0x0000000100000000)
  region size 1024K, 8 young (8192K), 8 survivors (8192K)
 Metaspace       used 34678K, capacity 35504K, committed 35628K, reserved 1081344K
  class space    used 4121K, capacity 4444K, committed 4480K, reserved 1048576K
GC Heap History (10 events):
Event: 1.122 GC heap after
{Heap after GC invocations=2 (full 0):
 garbage-first heap   total 126976K, used 6182K [0x0000000085800000, 0x0000000100000000)
  region size 1024K, 1 young (1024K), 1 survivors (1024K)
 Metaspace       used 12048K, capacity 12282K, committed 12544K, reserved 1060864K
  class space    used 1184K, capacity 1247K, committed 1280K, reserved 1048576K
}
Event: 1.579 GC heap before
{Heap before GC invocations=2 (full 0):
 garbage-first heap   total 126976K, used 29734K [0x0000000085800000, 0x0000000100000000)
  region size 1024K, 25 young (25600K), 1 survivors (1024K)
 Metaspace       used 17471K, capacity 17867K, committed 17920K, reserved 1064960K
  class space    used 1892K, capacity 2030K, committed 2048K, reserved 1048576K
}
Event: 1.582 GC heap after
{Heap after GC invocations=3 (full 0):
 garbage-first heap   total 126976K, used 7664K [0x0000000085800000, 0x0000000100000000)
  region size 1024K, 2 young (2048K), 2 survivors (2048K)
 Metaspace       used 17471K, capacity 17867K, committed 17920K, reserved 1064960K
  class space    used 1892K, capacity 2030K, committed 2048K, reserved 1048576K
}
Event: 1.863 GC heap before
{Heap before GC invocations=3 (full 0):
 garbage-first heap   total 126976K, used 28144K [0x0000000085800000, 0x0000000100000000)
  region size 1024K, 23 young (23552K), 2 survivors (2048K)
 Metaspace       used 20688K, capacity 21143K, committed 21248K, reserved 1069056K
  class space    used 2366K, capacity 2531K, committed 2560K, reserved 1048576K
}
Event: 1.867 GC heap after
{Heap after GC invocations=4 (full 0):
 garbage-first heap   total 126976K, used 8512K [0x0000000085800000, 0x0000000100000000)
  region size 1024K, 3 young (3072K), 3 survivors (3072K)
 Metaspace       used 20688K, capacity 21143K, committed 21248K, reserved 1069056K
  class space    used 2366K, capacity 2531K, committed 2560K, reserved 1048576K
}
Event: 2.340 GC heap before
{Heap before GC invocations=5 (full 0):
 garbage-first heap   total 126976K, used 52544K [0x0000000085800000, 0x0000000100000000)
  region size 1024K, 47 young (48128K), 3 survivors (3072K)
 Metaspace       used 26183K, capacity 26764K, committed 26880K, reserved 1073152K
  class space    used 3048K, capacity 3298K, committed 3328K, reserved 1048576K
}
Event: 2.345 GC heap after
{Heap after GC invocations=6 (full 0):
 garbage-first heap   total 126976K, used 9665K [0x0000000085800000, 0x0000000100000000)
  region size 1024K, 4 young (4096K), 4 survivors (4096K)
 Metaspace       used 26183K, capacity 26764K, committed 26880K, reserved 1073152K
  class space    used 3048K, capacity 3298K, committed 3328K, reserved 1048576K
}
Event: 3.510 GC heap before
{Heap before GC invocations=6 (full 0):
 garbage-first heap   total 126976K, used 65985K [0x0000000085800000, 0x0000000100000000)
  region size 1024K, 60 young (61440K), 4 survivors (4096K)
 Metaspace       used 29520K, capacity 30124K, committed 30336K, reserved 1075200K
  class space    used 3427K, capacity 3701K, committed 3712K, reserved 1048576K
}
Event: 3.519 GC heap after
{Heap after GC invocations=7 (full 0):
 garbage-first heap   total 126976K, used 10927K [0x0000000085800000, 0x0000000100000000)
  region size 1024K, 5 young (5120K), 5 survivors (5120K)
 Metaspace       used 29520K, capacity 30124K, committed 30336K, reserved 1075200K
  class space    used 3427K, capacity 3701K, committed 3712K, reserved 1048576K
}
Event: 4.810 GC heap before
{Heap before GC invocations=7 (full 0):
 garbage-first heap   total 126976K, used 41647K [0x0000000085800000, 0x0000000100000000)
  region size 1024K, 36 young (36864K), 5 survivors (5120K)
 Metaspace       used 34678K, capacity 35504K, committed 35628K, reserved 1081344K
  class space    used 4121K, capacity 4444K, committed 4480K, reserved 1048576K
}

